help.are
gamehelp.are
screens.are
limbo.are
air.are
gods.are
hitower.are
gnome.are
wyvern.are
haven.are
astral.are
catacomb.are
hood.are
draconia.are
mahntor.are
ultima.are
trollden.are
firenewt.are
chapel.are
midennir.are
circus.are
juargan.are
drow.are
daycare.are
sewer.are
valley.are
mega1.are
nirvana.are
castle.are
marsh.are
dream.are
grove.are
dylan.are
canyon.are
galaxy.are
mobfact.are
tree.are
ofcol2.are
olympus.are
shire.are
midgaard.are
grave.are
school.are
rats.are
moria.are
eastern.are
thalos.are
mirror.are
dwarven.are
purgator.are
pyramid.are
cult.are
solace.are
naytil.are
crystal.are
murky.are
descent.are
highland.are
smurf.are
ocean.are
plains.are
goblins.are
shaolin.are
ofcol.are
haon.are
arachnos.are
redferne.are
$
